\BOOKMARK [0][-]{chapter.1}{\376\377\0001\000\040\000p\000r\000o\000j\000e\000t\000\040\000c\000r\000e\000a\000t\000i\000o\000n\000\040\000d\000e\000\040\000p\000r\000o\000t\000o\000c\000o\000l\000e}{}% 1
\BOOKMARK [1][-]{section.1.1}{\376\377\0001\000.\0001\000\040\000l\000e\000\040\000p\000r\000o\000j\000e\000t}{chapter.1}% 2
\BOOKMARK [2][-]{subsection.1.1.1}{\376\377\0001\000.\0001\000.\0001\000\040\000E\000n\000\040\000r\000\351\000s\000u\000m\000\351}{section.1.1}% 3
\BOOKMARK [2][-]{subsection.1.1.2}{\376\377\0001\000.\0001\000.\0002\000\040\000C\000l\000i\000e\000n\000t}{section.1.1}% 4
\BOOKMARK [2][-]{subsection.1.1.3}{\376\377\0001\000.\0001\000.\0003\000\040\000S\000e\000r\000v\000e\000u\000r}{section.1.1}% 5
\BOOKMARK [0][-]{chapter.2}{\376\377\0002\000\040\000M\000o\000d\000u\000l\000e\000\040\000I\000n\000d\000e\000x}{}% 6
\BOOKMARK [1][-]{section.2.1}{\376\377\0002\000.\0001\000\040\000M\000o\000d\000u\000l\000e\000s}{chapter.2}% 7
\BOOKMARK [0][-]{chapter.3}{\376\377\0003\000\040\000D\000a\000t\000a\000\040\000S\000t\000r\000u\000c\000t\000u\000r\000e\000\040\000I\000n\000d\000e\000x}{}% 8
\BOOKMARK [1][-]{section.3.1}{\376\377\0003\000.\0001\000\040\000D\000a\000t\000a\000\040\000S\000t\000r\000u\000c\000t\000u\000r\000e\000s}{chapter.3}% 9
\BOOKMARK [0][-]{chapter.4}{\376\377\0004\000\040\000F\000i\000l\000e\000\040\000I\000n\000d\000e\000x}{}% 10
\BOOKMARK [1][-]{section.4.1}{\376\377\0004\000.\0001\000\040\000F\000i\000l\000e\000\040\000L\000i\000s\000t}{chapter.4}% 11
\BOOKMARK [0][-]{chapter.5}{\376\377\0005\000\040\000M\000o\000d\000u\000l\000e\000\040\000D\000o\000c\000u\000m\000e\000n\000t\000a\000t\000i\000o\000n}{}% 12
\BOOKMARK [1][-]{section.5.1}{\376\377\0005\000.\0001\000\040\000C\000l\000i\000e\000n\000t}{chapter.5}% 13
\BOOKMARK [2][-]{subsection.5.1.1}{\376\377\0005\000.\0001\000.\0001\000\040\000D\000e\000t\000a\000i\000l\000e\000d\000\040\000D\000e\000s\000c\000r\000i\000p\000t\000i\000o\000n}{section.5.1}% 14
\BOOKMARK [2][-]{subsection.5.1.2}{\376\377\0005\000.\0001\000.\0002\000\040\000F\000u\000n\000c\000t\000i\000o\000n\000\040\000D\000o\000c\000u\000m\000e\000n\000t\000a\000t\000i\000o\000n}{section.5.1}% 15
\BOOKMARK [3][-]{subsubsection.5.1.2.1}{\376\377\0005\000.\0001\000.\0002\000.\0001\000\040\000k\000i\000n\000g\000d\000o\000m\000O\000f\000F\000r\000e\000e\000d\000o\000m\000\050\000v\000o\000i\000d\000\040\000n\000e\000w\000F\000r\000e\000e\000G\000u\000y\000s\000\051}{subsection.5.1.2}% 16
\BOOKMARK [3][-]{subsubsection.5.1.2.2}{\376\377\0005\000.\0001\000.\0002\000.\0002\000\040\000p\000s\000e\000u\000d\000o\000U\000s\000e\000r\000\050\000c\000h\000a\000r\000\040\000p\000s\000e\000u\000d\000o\000[\0002\0005\000]\000\051}{subsection.5.1.2}% 17
\BOOKMARK [3][-]{subsubsection.5.1.2.3}{\376\377\0005\000.\0001\000.\0002\000.\0003\000\040\000s\000e\000n\000d\000R\000e\000p\000o\000r\000t\000\050\000i\000n\000t\000\040\000s\000o\000c\000k\000e\000t\000S\000e\000r\000v\000e\000u\000r\000,\000\040\000b\000u\000f\000f\000e\000r\000T\000o\000S\000e\000n\000d\000\040\000r\000e\000p\000o\000r\000t\000\051}{subsection.5.1.2}% 18
\BOOKMARK [3][-]{subsubsection.5.1.2.4}{\376\377\0005\000.\0001\000.\0002\000.\0004\000\040\000s\000e\000n\000d\000R\000e\000p\000o\000r\000t\000T\000o\000S\000e\000r\000v\000e\000u\000r\000\050\000c\000o\000n\000s\000t\000\040\000i\000n\000t\000\040\000s\000S\000e\000r\000v\000e\000u\000r\000,\000\040\000b\000u\000f\000f\000e\000r\000T\000o\000S\000e\000n\000d\000\040\000r\000e\000p\000o\000r\000t\000\051}{subsection.5.1.2}% 19
\BOOKMARK [3][-]{subsubsection.5.1.2.5}{\376\377\0005\000.\0001\000.\0002\000.\0005\000\040\000s\000e\000n\000d\000T\000o\000S\000e\000r\000v\000e\000u\000r\000\050\000i\000n\000t\000\040\000s\000S\000e\000r\000v\000e\000u\000r\000,\000\040\000c\000h\000a\000r\000\040\000m\000s\000g\000,\000\040\000i\000n\000t\000\040\000s\000i\000z\000e\000M\000s\000g\000\051}{subsection.5.1.2}% 20
\BOOKMARK [3][-]{subsubsection.5.1.2.6}{\376\377\0005\000.\0001\000.\0002\000.\0006\000\040\000s\000e\000t\000\137\000b\000u\000f\000f\000e\000r\000\137\000s\000t\000r\000u\000c\000t\000\050\000b\000u\000f\000f\000e\000r\000T\000o\000S\000e\000n\000d\000\040\000r\000e\000p\000o\000r\000t\000\051}{subsection.5.1.2}% 21
\BOOKMARK [2][-]{subsection.5.1.3}{\376\377\0005\000.\0001\000.\0003\000\040\000V\000a\000r\000i\000a\000b\000l\000e\000\040\000D\000o\000c\000u\000m\000e\000n\000t\000a\000t\000i\000o\000n}{section.5.1}% 22
\BOOKMARK [3][-]{subsubsection.5.1.3.1}{\376\377\0005\000.\0001\000.\0003\000.\0001\000\040\000m\000e\000n\000u\000C\000h\000o\000s\000e\000n}{subsection.5.1.3}% 23
\BOOKMARK [1][-]{section.5.2}{\376\377\0005\000.\0002\000\040\000L\000i\000b\000S\000o\000c\000k}{chapter.5}% 24
\BOOKMARK [2][-]{subsection.5.2.1}{\376\377\0005\000.\0002\000.\0001\000\040\000D\000e\000t\000a\000i\000l\000e\000d\000\040\000D\000e\000s\000c\000r\000i\000p\000t\000i\000o\000n}{section.5.2}% 25
\BOOKMARK [2][-]{subsection.5.2.2}{\376\377\0005\000.\0002\000.\0002\000\040\000F\000u\000n\000c\000t\000i\000o\000n\000\040\000D\000o\000c\000u\000m\000e\000n\000t\000a\000t\000i\000o\000n}{section.5.2}% 26
\BOOKMARK [3][-]{subsubsection.5.2.2.1}{\376\377\0005\000.\0002\000.\0002\000.\0001\000\040\000C\000r\000e\000e\000S\000o\000c\000k\000e\000t\000S\000e\000r\000v\000e\000u\000r\000\050\000c\000o\000n\000s\000t\000\040\000c\000h\000a\000r\000\040\000p\000o\000r\000t\000\051}{subsection.5.2.2}% 27
\BOOKMARK [3][-]{subsubsection.5.2.2.2}{\376\377\0005\000.\0002\000.\0002\000.\0002\000\040\000E\000n\000v\000o\000i\000e\000M\000e\000s\000s\000a\000g\000e\000\050\000i\000n\000t\000\040\000s\000,\000\040\000c\000h\000a\000r\000\040\000f\000o\000r\000m\000a\000t\000,\000.\000.\000.\000\051}{subsection.5.2.2}% 28
\BOOKMARK [3][-]{subsubsection.5.2.2.3}{\376\377\0005\000.\0002\000.\0002\000.\0003\000\040\000R\000e\000c\000o\000i\000e\000E\000t\000S\000a\000u\000v\000e\000D\000o\000n\000n\000e\000e\000s\000\050\000i\000n\000t\000\040\000f\000d\000,\000\040\000i\000n\000t\000\040\000s\000o\000c\000k\000\051}{subsection.5.2.2}% 29
\BOOKMARK [3][-]{subsubsection.5.2.2.4}{\376\377\0005\000.\0002\000.\0002\000.\0004\000\040\000R\000e\000c\000o\000i\000e\000L\000i\000g\000n\000e\000\050\000i\000n\000t\000\040\000s\000o\000c\000k\000\051}{subsection.5.2.2}% 30
\BOOKMARK [3][-]{subsubsection.5.2.2.5}{\376\377\0005\000.\0002\000.\0002\000.\0005\000\040\000T\000e\000s\000t\000L\000e\000c\000t\000u\000r\000e\000\050\000i\000n\000t\000\040\000s\000\051}{subsection.5.2.2}% 31
\BOOKMARK [1][-]{section.5.3}{\376\377\0005\000.\0003\000\040\000U\000s\000u\000a\000l\000F\000o\000n\000c\000t\000i\000o\000n}{chapter.5}% 32
\BOOKMARK [2][-]{subsection.5.3.1}{\376\377\0005\000.\0003\000.\0001\000\040\000D\000e\000t\000a\000i\000l\000e\000d\000\040\000D\000e\000s\000c\000r\000i\000p\000t\000i\000o\000n}{section.5.3}% 33
\BOOKMARK [2][-]{subsection.5.3.2}{\376\377\0005\000.\0003\000.\0002\000\040\000F\000u\000n\000c\000t\000i\000o\000n\000\040\000D\000o\000c\000u\000m\000e\000n\000t\000a\000t\000i\000o\000n}{section.5.3}% 34
\BOOKMARK [3][-]{subsubsection.5.3.2.1}{\376\377\0005\000.\0003\000.\0002\000.\0001\000\040\000c\000o\000n\000v\000e\000r\000t\000I\000n\000t\000T\000o\000C\000h\000a\000r\000\050\000c\000h\000a\000r\000\040\000t\000a\000b\000,\000\040\000c\000o\000n\000s\000t\000\040\000s\000i\000z\000e\000\137\000t\000\040\000i\000n\000t\000e\000r\000g\000e\000r\000T\000o\000C\000o\000n\000v\000e\000r\000t\000\051}{subsection.5.3.2}% 35
\BOOKMARK [3][-]{subsubsection.5.3.2.2}{\376\377\0005\000.\0003\000.\0002\000.\0002\000\040\000f\000c\000t\000E\000r\000r\000o\000r\000P\000e\000r\000s\000o\000n\000a\000l\000\050\000i\000n\000t\000\040\000v\000a\000l\000u\000e\000\051}{subsection.5.3.2}% 36
\BOOKMARK [3][-]{subsubsection.5.3.2.3}{\376\377\0005\000.\0003\000.\0002\000.\0003\000\040\000r\000e\000a\000d\000C\000h\000a\000r\000\050\000c\000h\000a\000r\000\040\000c\000\051}{subsection.5.3.2}% 37
\BOOKMARK [3][-]{subsubsection.5.3.2.4}{\376\377\0005\000.\0003\000.\0002\000.\0004\000\040\000r\000e\000a\000d\000L\000i\000n\000e\000\050\000c\000h\000a\000r\000\040\000s\000t\000r\000,\000\040\000c\000o\000n\000s\000t\000\040\000i\000n\000t\000\040\000s\000i\000z\000e\000\051}{subsection.5.3.2}% 38
\BOOKMARK [1][-]{section.5.4}{\376\377\0005\000.\0004\000\040\000S\000e\000r\000v\000e\000u\000r}{chapter.5}% 39
\BOOKMARK [2][-]{subsection.5.4.1}{\376\377\0005\000.\0004\000.\0001\000\040\000D\000e\000t\000a\000i\000l\000e\000d\000\040\000D\000e\000s\000c\000r\000i\000p\000t\000i\000o\000n}{section.5.4}% 40
\BOOKMARK [2][-]{subsection.5.4.2}{\376\377\0005\000.\0004\000.\0002\000\040\000F\000u\000n\000c\000t\000i\000o\000n\000\040\000D\000o\000c\000u\000m\000e\000n\000t\000a\000t\000i\000o\000n}{section.5.4}% 41
\BOOKMARK [3][-]{subsubsection.5.4.2.1}{\376\377\0005\000.\0004\000.\0002\000.\0001\000\040\000a\000d\000d\000L\000o\000g\000\050\000b\000u\000f\000f\000e\000r\000T\000o\000R\000e\000c\000e\000i\000v\000e\000\040\000r\000e\000p\000o\000r\000t\000,\000\040\000c\000o\000n\000s\000t\000\040\000c\000h\000a\000r\000\040\000m\000s\000g\000,\000\040\000c\000o\000n\000s\000t\000\040\000c\000h\000a\000r\000\040\000p\000r\000e\000f\000i\000x\000e\000\051}{subsection.5.4.2}% 42
\BOOKMARK [3][-]{subsubsection.5.4.2.2}{\376\377\0005\000.\0004\000.\0002\000.\0002\000\040\000n\000e\000w\000C\000o\000m\000m\000u\000n\000i\000c\000a\000t\000i\000o\000n\000\050\000i\000n\000t\000\040\000s\000C\000l\000i\000e\000n\000t\000\051}{subsection.5.4.2}% 43
\BOOKMARK [3][-]{subsubsection.5.4.2.3}{\376\377\0005\000.\0004\000.\0002\000.\0003\000\040\000n\000e\000w\000R\000e\000p\000o\000r\000t\000\050\000i\000n\000t\000\040\000s\000C\000l\000i\000e\000n\000t\000,\000\040\000b\000u\000f\000f\000e\000r\000T\000o\000R\000e\000c\000e\000i\000v\000e\000\040\000r\000e\000p\000o\000r\000t\000\051}{subsection.5.4.2}% 44
\BOOKMARK [3][-]{subsubsection.5.4.2.4}{\376\377\0005\000.\0004\000.\0002\000.\0004\000\040\000n\000e\000w\000S\000e\000n\000d\000R\000e\000p\000o\000r\000t\000\050\000i\000n\000t\000\040\000s\000C\000l\000i\000e\000n\000t\000,\000\040\000b\000u\000f\000f\000e\000r\000T\000o\000R\000e\000c\000e\000i\000v\000e\000\040\000r\000e\000p\000o\000r\000t\000\051}{subsection.5.4.2}% 45
\BOOKMARK [3][-]{subsubsection.5.4.2.5}{\376\377\0005\000.\0004\000.\0002\000.\0005\000\040\000r\000e\000c\000u\000p\000I\000n\000f\000o\000r\000m\000a\000t\000i\000o\000n\000\050\000i\000n\000t\000\040\000s\000C\000l\000i\000e\000n\000t\000,\000\040\000b\000u\000f\000f\000e\000r\000T\000o\000R\000e\000c\000e\000i\000v\000e\000\040\000r\000e\000p\000o\000r\000t\000\051}{subsection.5.4.2}% 46
\BOOKMARK [3][-]{subsubsection.5.4.2.6}{\376\377\0005\000.\0004\000.\0002\000.\0006\000\040\000r\000e\000c\000u\000p\000O\000r\000d\000e\000r\000\050\000c\000o\000n\000s\000t\000\040\000i\000n\000t\000\040\000s\000C\000l\000i\000e\000n\000t\000,\000\040\000c\000h\000a\000r\000\040\000b\000u\000f\000f\000\051}{subsection.5.4.2}% 47
\BOOKMARK [3][-]{subsubsection.5.4.2.7}{\376\377\0005\000.\0004\000.\0002\000.\0007\000\040\000r\000e\000c\000u\000p\000T\000i\000m\000e\000\050\000c\000h\000a\000r\000\040\000n\000e\000w\000D\000a\000t\000e\000A\000n\000d\000T\000i\000m\000e\000,\000\040\000t\000i\000m\000e\000\137\000t\000\040\000t\000i\000m\000e\000\051}{subsection.5.4.2}% 48
\BOOKMARK [3][-]{subsubsection.5.4.2.8}{\376\377\0005\000.\0004\000.\0002\000.\0008\000\040\000w\000a\000i\000t\000C\000o\000n\000n\000e\000x\000i\000o\000n\000\050\000i\000n\000t\000\040\000s\000\051}{subsection.5.4.2}% 49
\BOOKMARK [0][-]{chapter.6}{\376\377\0006\000\040\000D\000a\000t\000a\000\040\000S\000t\000r\000u\000c\000t\000u\000r\000e\000\040\000D\000o\000c\000u\000m\000e\000n\000t\000a\000t\000i\000o\000n}{}% 50
\BOOKMARK [1][-]{section.6.1}{\376\377\0006\000.\0001\000\040\000s\000b\000u\000f\000f\000e\000r\000T\000o\000R\000e\000c\000e\000i\000v\000e\000\040\000S\000t\000r\000u\000c\000t\000\040\000R\000e\000f\000e\000r\000e\000n\000c\000e}{chapter.6}% 51
\BOOKMARK [1][-]{section.6.2}{\376\377\0006\000.\0002\000\040\000s\000B\000u\000f\000f\000e\000r\000T\000o\000S\000e\000n\000d\000\040\000S\000t\000r\000u\000c\000t\000\040\000R\000e\000f\000e\000r\000e\000n\000c\000e}{chapter.6}% 52
\BOOKMARK [2][-]{subsection.6.2.1}{\376\377\0006\000.\0002\000.\0001\000\040\000D\000e\000t\000a\000i\000l\000e\000d\000\040\000D\000e\000s\000c\000r\000i\000p\000t\000i\000o\000n}{section.6.2}% 53
\BOOKMARK [1][-]{section.6.3}{\376\377\0006\000.\0003\000\040\000s\000b\000u\000f\000f\000e\000r\000T\000o\000S\000e\000n\000d\000\040\000S\000t\000r\000u\000c\000t\000\040\000R\000e\000f\000e\000r\000e\000n\000c\000e}{chapter.6}% 54
\BOOKMARK [0][-]{chapter.7}{\376\377\0007\000\040\000F\000i\000l\000e\000\040\000D\000o\000c\000u\000m\000e\000n\000t\000a\000t\000i\000o\000n}{}% 55
\BOOKMARK [1][-]{section.7.1}{\376\377\0007\000.\0001\000\040\000/\000U\000s\000e\000r\000s\000/\000g\000r\000e\000g\000o\000r\000y\000g\000u\000e\000u\000x\000/\000C\000l\000i\000o\000n\000P\000r\000o\000j\000e\000c\000t\000s\000/\000A\000S\000R\0005\000\137\000M\000i\000n\000i\000P\000r\000o\000j\000e\000t\000/\000s\000r\000c\000/\000c\000l\000i\000e\000n\000t\000/\000h\000e\000a\000d\000e\000r\000C\000l\000i\000e\000n\000t\000.\000h\000\040\000F\000i\000l\000e\000\040\000R\000e\000f\000e\000r\000e\000n\000c\000e}{chapter.7}% 56
\BOOKMARK [2][-]{subsection.7.1.1}{\376\377\0007\000.\0001\000.\0001\000\040\000D\000e\000t\000a\000i\000l\000e\000d\000\040\000D\000e\000s\000c\000r\000i\000p\000t\000i\000o\000n}{section.7.1}% 57
\BOOKMARK [1][-]{section.7.2}{\376\377\0007\000.\0002\000\040\000/\000U\000s\000e\000r\000s\000/\000g\000r\000e\000g\000o\000r\000y\000g\000u\000e\000u\000x\000/\000C\000l\000i\000o\000n\000P\000r\000o\000j\000e\000c\000t\000s\000/\000A\000S\000R\0005\000\137\000M\000i\000n\000i\000P\000r\000o\000j\000e\000t\000/\000s\000r\000c\000/\000c\000o\000m\000m\000u\000n\000/\000s\000o\000c\000k\000l\000i\000b\000.\000h\000\040\000F\000i\000l\000e\000\040\000R\000e\000f\000e\000r\000e\000n\000c\000e}{chapter.7}% 58
\BOOKMARK [2][-]{subsection.7.2.1}{\376\377\0007\000.\0002\000.\0001\000\040\000D\000e\000t\000a\000i\000l\000e\000d\000\040\000D\000e\000s\000c\000r\000i\000p\000t\000i\000o\000n}{section.7.2}% 59
\BOOKMARK [1][-]{section.7.3}{\376\377\0007\000.\0003\000\040\000/\000U\000s\000e\000r\000s\000/\000g\000r\000e\000g\000o\000r\000y\000g\000u\000e\000u\000x\000/\000C\000l\000i\000o\000n\000P\000r\000o\000j\000e\000c\000t\000s\000/\000A\000S\000R\0005\000\137\000M\000i\000n\000i\000P\000r\000o\000j\000e\000t\000/\000s\000r\000c\000/\000c\000o\000m\000m\000u\000n\000/\000u\000s\000u\000a\000l\000F\000c\000t\000.\000h\000\040\000F\000i\000l\000e\000\040\000R\000e\000f\000e\000r\000e\000n\000c\000e}{chapter.7}% 60
\BOOKMARK [2][-]{subsection.7.3.1}{\376\377\0007\000.\0003\000.\0001\000\040\000D\000e\000t\000a\000i\000l\000e\000d\000\040\000D\000e\000s\000c\000r\000i\000p\000t\000i\000o\000n}{section.7.3}% 61
